appBuses/app/build/intermediates/manifest_merge_blame_file/debug/manifest-merger-blame-debug-report.txt
1<?xml version="1.0" encoding="utf-8"?>
2<manifest xmlns:android="http://schemas.android.com/apk/res/android"
3    package="dev.android.appbuses"
4    android:versionCode="1"
5    android:versionName="1.0" >
6
7    <uses-sdk
8        android:minSdkVersion="24"
8-->src\main\AndroidManifest.xml
9        android:targetSdkVersion="32" />
9-->src\main\AndroidManifest.xml
10
11    <uses-permission android:name="android.permission.INTERNET" />
11-->src\main\AndroidManifest.xml:5:5-67
11-->src\main\AndroidManifest.xml:5:22-64
12    <uses-permission android:name="android.permission.WRITE_EXTERNAL_STORAGE" />
12-->src\main\AndroidManifest.xml:6:5-81
12-->src\main\AndroidManifest.xml:6:22-78
13    <uses-permission android:name="android.permission.ACCESS_NETWORK_STATE" />
13-->[com.google.firebase:firebase-auth:22.0.0] AndroidManifest.xml:26:5-79
13-->[com.google.firebase:firebase-auth:22.0.0] AndroidManifest.xml:26:22-76
14    <uses-permission android:name="android.permission.WAKE_LOCK" />
14-->[com.google.android.gms:play-services-measurement-api:21.3.0] AndroidManifest.xml:24:5-68
14-->[com.google.android.gms:play-services-measurement-api:21.3.0] AndroidManifest.xml:24:22-65
15    <uses-permission android:name="com.google.android.gms.permission.AD_ID" />
15-->[com.google.android.gms:play-services-measurement-api:21.3.0] AndroidManifest.xml:25:5-79
15-->[com.google.android.gms:play-services-measurement-api:21.3.0] AndroidManifest.xml:25:22-76
16    <uses-permission android:name="com.google.android.finsky.permission.BIND_GET_INSTALL_REFERRER_SERVICE" />
16-->[com.google.android.gms:play-services-measurement:21.3.0] AndroidManifest.xml:26:5-110
16-->[com.google.android.gms:play-services-measurement:21.3.0] AndroidManifest.xml:26:22-107
17
18    <application
18-->src\main\AndroidManifest.xml:8:5-153:19
19        android:allowBackup="true"
19-->src\main\AndroidManifest.xml:9:9-35
20        android:appComponentFactory="androidx.core.app.CoreComponentFactory"
20-->[androidx.core:core:1.8.0] AndroidManifest.xml:24:18-86
21        android:dataExtractionRules="@xml/data_extraction_rules"
21-->src\main\AndroidManifest.xml:10:9-65
22        android:debuggable="true"
23        android:extractNativeLibs="false"
24        android:fullBackupContent="@xml/backup_rules"
24-->src\main\AndroidManifest.xml:11:9-54
25        android:icon="@mipmap/ic_launcher"
25-->src\main\AndroidManifest.xml:12:9-43
26        android:label="@string/app_name"
26-->src\main\AndroidManifest.xml:13:9-41
27        android:roundIcon="@mipmap/ic_launcher_round"
27-->src\main\AndroidManifest.xml:14:9-54
28        android:supportsRtl="true"
28-->src\main\AndroidManifest.xml:15:9-35
29        android:testOnly="true"
30        android:theme="@style/Theme.AppBuses" >
30-->src\main\AndroidManifest.xml:16:9-46
31        <activity
31-->src\main\AndroidManifest.xml:18:9-24:20
32            android:name="dev.android.appbuses.MainSkipActivity"
32-->src\main\AndroidManifest.xml:19:13-45
33            android:exported="false" >
33-->src\main\AndroidManifest.xml:20:13-37
34            <meta-data
34-->src\main\AndroidManifest.xml:21:13-23:36
35                android:name="android.app.lib_name"
35-->src\main\AndroidManifest.xml:22:17-52
36                android:value="" />
36-->src\main\AndroidManifest.xml:23:17-33
37        </activity>
38        <activity
38-->src\main\AndroidManifest.xml:25:9-31:20
39            android:name="dev.android.appbuses.FileActivity"
39-->src\main\AndroidManifest.xml:26:13-41
40            android:exported="false" >
40-->src\main\AndroidManifest.xml:27:13-37
41            <meta-data
41-->src\main\AndroidManifest.xml:21:13-23:36
42                android:name="android.app.lib_name"
42-->src\main\AndroidManifest.xml:22:17-52
43                android:value="" />
43-->src\main\AndroidManifest.xml:23:17-33
44        </activity>
45        <activity
45-->src\main\AndroidManifest.xml:32:9-38:20
46            android:name="dev.android.appbuses.SeatActivity"
46-->src\main\AndroidManifest.xml:33:13-41
47            android:exported="false" >
47-->src\main\AndroidManifest.xml:34:13-37
48            <meta-data
48-->src\main\AndroidManifest.xml:21:13-23:36
49                android:name="android.app.lib_name"
49-->src\main\AndroidManifest.xml:22:17-52
50                android:value="" />
50-->src\main\AndroidManifest.xml:23:17-33
51        </activity>
52        <activity
52-->src\main\AndroidManifest.xml:39:9-45:20
53            android:name="dev.android.appbuses.HistoryQRActivity"
53-->src\main\AndroidManifest.xml:40:13-46
54            android:exported="false" >
54-->src\main\AndroidManifest.xml:41:13-37
55            <meta-data
55-->src\main\AndroidManifest.xml:21:13-23:36
56                android:name="android.app.lib_name"
56-->src\main\AndroidManifest.xml:22:17-52
57                android:value="" />
57-->src\main\AndroidManifest.xml:23:17-33
58        </activity>
59        <activity
59-->src\main\AndroidManifest.xml:46:9-52:20
60            android:name="dev.android.appbuses.HistoryActivity"
60-->src\main\AndroidManifest.xml:47:13-44
61            android:exported="false" >
61-->src\main\AndroidManifest.xml:48:13-37
62            <meta-data
62-->src\main\AndroidManifest.xml:21:13-23:36
63                android:name="android.app.lib_name"
63-->src\main\AndroidManifest.xml:22:17-52
64                android:value="" />
64-->src\main\AndroidManifest.xml:23:17-33
65        </activity>
66        <activity
66-->src\main\AndroidManifest.xml:53:9-59:20
67            android:name="dev.android.appbuses.ChangePasswordActivity"
67-->src\main\AndroidManifest.xml:54:13-51
68            android:exported="false" >
68-->src\main\AndroidManifest.xml:55:13-37
69            <meta-data
69-->src\main\AndroidManifest.xml:21:13-23:36
70                android:name="android.app.lib_name"
70-->src\main\AndroidManifest.xml:22:17-52
71                android:value="" />
71-->src\main\AndroidManifest.xml:23:17-33
72        </activity>
73        <activity
73-->src\main\AndroidManifest.xml:60:9-66:20
74            android:name="dev.android.appbuses.ProfileInfoActivity"
74-->src\main\AndroidManifest.xml:61:13-48
75            android:exported="false" >
75-->src\main\AndroidManifest.xml:62:13-37
76            <meta-data
76-->src\main\AndroidManifest.xml:21:13-23:36
77                android:name="android.app.lib_name"
77-->src\main\AndroidManifest.xml:22:17-52
78                android:value="" />
78-->src\main\AndroidManifest.xml:23:17-33
79        </activity>
80        <activity
80-->src\main\AndroidManifest.xml:67:9-73:20
81            android:name="dev.android.appbuses.QRCodeActivity"
81-->src\main\AndroidManifest.xml:68:13-43
82            android:exported="false" >
82-->src\main\AndroidManifest.xml:69:13-37
83            <meta-data
83-->src\main\AndroidManifest.xml:21:13-23:36
84                android:name="android.app.lib_name"
84-->src\main\AndroidManifest.xml:22:17-52
85                android:value="" />
85-->src\main\AndroidManifest.xml:23:17-33
86        </activity>
87        <activity
87-->src\main\AndroidManifest.xml:74:9-80:20
88            android:name="dev.android.appbuses.PaymentSuccessfulActivity"
88-->src\main\AndroidManifest.xml:75:13-54
89            android:exported="false" >
89-->src\main\AndroidManifest.xml:76:13-37
90            <meta-data
90-->src\main\AndroidManifest.xml:21:13-23:36
91                android:name="android.app.lib_name"
91-->src\main\AndroidManifest.xml:22:17-52
92                android:value="" />
92-->src\main\AndroidManifest.xml:23:17-33
93        </activity>
94        <activity
94-->src\main\AndroidManifest.xml:81:9-87:20
95            android:name="dev.android.appbuses.PaymentActivity"
95-->src\main\AndroidManifest.xml:82:13-44
96            android:exported="false" >
96-->src\main\AndroidManifest.xml:83:13-37
97            <meta-data
97-->src\main\AndroidManifest.xml:21:13-23:36
98                android:name="android.app.lib_name"
98-->src\main\AndroidManifest.xml:22:17-52
99                android:value="" />
99-->src\main\AndroidManifest.xml:23:17-33
100        </activity>
101        <activity
101-->src\main\AndroidManifest.xml:88:9-94:20
102            android:name="dev.android.appbuses.ProfileActivity"
102-->src\main\AndroidManifest.xml:89:13-44
103            android:exported="false" >
103-->src\main\AndroidManifest.xml:90:13-37
104            <meta-data
104-->src\main\AndroidManifest.xml:21:13-23:36
105                android:name="android.app.lib_name"
105-->src\main\AndroidManifest.xml:22:17-52
106                android:value="" />
106-->src\main\AndroidManifest.xml:23:17-33
107        </activity>
108        <activity
108-->src\main\AndroidManifest.xml:95:9-102:20
109            android:name="dev.android.appbuses.BusDetailActivity"
109-->src\main\AndroidManifest.xml:96:13-46
110            android:exported="false"
110-->src\main\AndroidManifest.xml:97:13-37
111            android:theme="@style/PopUp" >
111-->src\main\AndroidManifest.xml:98:13-41
112            <meta-data
112-->src\main\AndroidManifest.xml:21:13-23:36
113                android:name="android.app.lib_name"
113-->src\main\AndroidManifest.xml:22:17-52
114                android:value="" />
114-->src\main\AndroidManifest.xml:23:17-33
115        </activity>
116        <activity
116-->src\main\AndroidManifest.xml:103:9-110:20
117            android:name="dev.android.appbuses.FilterMenuActivity"
117-->src\main\AndroidManifest.xml:104:13-47
118            android:exported="false"
118-->src\main\AndroidManifest.xml:105:13-37
119            android:theme="@style/PopUp" >
119-->src\main\AndroidManifest.xml:106:13-41
120            <meta-data
120-->src\main\AndroidManifest.xml:21:13-23:36
121                android:name="android.app.lib_name"
121-->src\main\AndroidManifest.xml:22:17-52
122                android:value="" />
122-->src\main\AndroidManifest.xml:23:17-33
123        </activity>
124        <activity
124-->src\main\AndroidManifest.xml:111:9-117:20
125            android:name="dev.android.appbuses.RegisterActivity"
125-->src\main\AndroidManifest.xml:112:13-45
126            android:exported="false" >
126-->src\main\AndroidManifest.xml:113:13-37
127            <meta-data
127-->src\main\AndroidManifest.xml:21:13-23:36
128                android:name="android.app.lib_name"
128-->src\main\AndroidManifest.xml:22:17-52
129                android:value="" />
129-->src\main\AndroidManifest.xml:23:17-33
130        </activity>
131        <activity
131-->src\main\AndroidManifest.xml:118:9-130:20
132            android:name="dev.android.appbuses.WelcomeActivity"
132-->src\main\AndroidManifest.xml:119:13-44
133            android:exported="true" >
133-->src\main\AndroidManifest.xml:120:13-36
134            <meta-data
134-->src\main\AndroidManifest.xml:21:13-23:36
135                android:name="android.app.lib_name"
135-->src\main\AndroidManifest.xml:22:17-52
136                android:value="" />
136-->src\main\AndroidManifest.xml:23:17-33
137
138            <intent-filter>
138-->src\main\AndroidManifest.xml:125:13-129:29
139                <action android:name="android.intent.action.MAIN" />
139-->src\main\AndroidManifest.xml:126:17-69
139-->src\main\AndroidManifest.xml:126:25-66
140
141                <category android:name="android.intent.category.LAUNCHER" />
141-->src\main\AndroidManifest.xml:128:17-77
141-->src\main\AndroidManifest.xml:128:27-74
142            </intent-filter>
143        </activity>
144        <activity
144-->src\main\AndroidManifest.xml:131:9-137:20
145            android:name="dev.android.appbuses.LoginActivity"
145-->src\main\AndroidManifest.xml:132:13-42
146            android:exported="false" >
146-->src\main\AndroidManifest.xml:133:13-37
147            <meta-data
147-->src\main\AndroidManifest.xml:21:13-23:36
148                android:name="android.app.lib_name"
148-->src\main\AndroidManifest.xml:22:17-52
149                android:value="" />
149-->src\main\AndroidManifest.xml:23:17-33
150        </activity>
151        <activity
151-->src\main\AndroidManifest.xml:138:9-144:20
152            android:name="dev.android.appbuses.MainActivity"
152-->src\main\AndroidManifest.xml:139:13-41
153            android:exported="false" >
153-->src\main\AndroidManifest.xml:140:13-37
154            <meta-data
154-->src\main\AndroidManifest.xml:21:13-23:36
155                android:name="android.app.lib_name"
155-->src\main\AndroidManifest.xml:22:17-52
156                android:value="" />
156-->src\main\AndroidManifest.xml:23:17-33
157        </activity>
158
159        <meta-data
159-->src\main\AndroidManifest.xml:146:9-148:57
160            android:name="preloaded_fonts"
160-->src\main\AndroidManifest.xml:147:13-43
161            android:resource="@array/preloaded_fonts" />
161-->src\main\AndroidManifest.xml:148:13-54
162        <meta-data
162-->src\main\AndroidManifest.xml:150:9-152:51
163            android:name="com.google.firebase.storage.default_bucket"
163-->src\main\AndroidManifest.xml:151:13-70
164            android:value="your-storage-bucket" />
164-->src\main\AndroidManifest.xml:152:13-48
165
166        <service
166-->[com.google.firebase:firebase-auth-ktx:22.0.0] AndroidManifest.xml:8:9-14:19
167            android:name="com.google.firebase.components.ComponentDiscoveryService"
167-->[com.google.firebase:firebase-auth-ktx:22.0.0] AndroidManifest.xml:9:13-84
168            android:directBootAware="true"
168-->[com.google.firebase:firebase-common:20.3.3] AndroidManifest.xml:34:13-43
169            android:exported="false" >
169-->[com.google.firebase:firebase-auth-ktx:22.0.0] AndroidManifest.xml:10:13-37
170            <meta-data
170-->[com.google.firebase:firebase-auth-ktx:22.0.0] AndroidManifest.xml:11:13-13:85
171                android:name="com.google.firebase.components:com.google.firebase.auth.ktx.FirebaseAuthKtxRegistrar"
171-->[com.google.firebase:firebase-auth-ktx:22.0.0] AndroidManifest.xml:12:17-116
172                android:value="com.google.firebase.components.ComponentRegistrar" />
172-->[com.google.firebase:firebase-auth-ktx:22.0.0] AndroidManifest.xml:13:17-82
173            <meta-data
173-->[com.google.firebase:firebase-analytics-ktx:21.3.0] AndroidManifest.xml:11:13-13:85
174                android:name="com.google.firebase.components:com.google.firebase.analytics.ktx.FirebaseAnalyticsKtxRegistrar"
174-->[com.google.firebase:firebase-analytics-ktx:21.3.0] AndroidManifest.xml:12:17-126
175                android:value="com.google.firebase.components.ComponentRegistrar" />
175-->[com.google.firebase:firebase-analytics-ktx:21.3.0] AndroidManifest.xml:13:17-82
176            <meta-data
176-->[com.google.firebase:firebase-common-ktx:20.3.3] AndroidManifest.xml:14:13-16:85
177                android:name="com.google.firebase.components:com.google.firebase.ktx.FirebaseCommonKtxRegistrar"
177-->[com.google.firebase:firebase-common-ktx:20.3.3] AndroidManifest.xml:15:17-113
178                android:value="com.google.firebase.components.ComponentRegistrar" />
178-->[com.google.firebase:firebase-common-ktx:20.3.3] AndroidManifest.xml:16:17-82
179            <meta-data
179-->[com.google.firebase:firebase-auth:22.0.0] AndroidManifest.xml:69:13-71:85
180                android:name="com.google.firebase.components:com.google.firebase.auth.FirebaseAuthRegistrar"
180-->[com.google.firebase:firebase-auth:22.0.0] AndroidManifest.xml:70:17-109
181                android:value="com.google.firebase.components.ComponentRegistrar" />
181-->[com.google.firebase:firebase-auth:22.0.0] AndroidManifest.xml:71:17-82
182            <meta-data
182-->[com.google.firebase:firebase-storage:20.2.1] AndroidManifest.xml:32:13-34:85
183                android:name="com.google.firebase.components:com.google.firebase.storage.StorageRegistrar"
183-->[com.google.firebase:firebase-storage:20.2.1] AndroidManifest.xml:33:17-107
184                android:value="com.google.firebase.components.ComponentRegistrar" />
184-->[com.google.firebase:firebase-storage:20.2.1] AndroidManifest.xml:34:17-82
185            <meta-data
185-->[com.google.android.gms:play-services-measurement-api:21.3.0] AndroidManifest.xml:31:13-33:85
186                android:name="com.google.firebase.components:com.google.firebase.analytics.connector.internal.AnalyticsConnectorRegistrar"
186-->[com.google.android.gms:play-services-measurement-api:21.3.0] AndroidManifest.xml:32:17-139
187                android:value="com.google.firebase.components.ComponentRegistrar" />
187-->[com.google.android.gms:play-services-measurement-api:21.3.0] AndroidManifest.xml:33:17-82
188            <meta-data
188-->[com.google.firebase:firebase-installations:17.1.3] AndroidManifest.xml:17:13-19:85
189                android:name="com.google.firebase.components:com.google.firebase.installations.FirebaseInstallationsRegistrar"
189-->[com.google.firebase:firebase-installations:17.1.3] AndroidManifest.xml:18:17-127
190                android:value="com.google.firebase.components.ComponentRegistrar" />
190-->[com.google.firebase:firebase-installations:17.1.3] AndroidManifest.xml:19:17-82
191        </service>
192
193        <activity
193-->[com.google.firebase:firebase-auth:22.0.0] AndroidManifest.xml:29:9-46:20
194            android:name="com.google.firebase.auth.internal.GenericIdpActivity"
194-->[com.google.firebase:firebase-auth:22.0.0] AndroidManifest.xml:30:13-80
195            android:excludeFromRecents="true"
195-->[com.google.firebase:firebase-auth:22.0.0] AndroidManifest.xml:31:13-46
196            android:exported="true"
196-->[com.google.firebase:firebase-auth:22.0.0] AndroidManifest.xml:32:13-36
197            android:launchMode="singleTask"
197-->[com.google.firebase:firebase-auth:22.0.0] AndroidManifest.xml:33:13-44
198            android:theme="@android:style/Theme.Translucent.NoTitleBar" >
198-->[com.google.firebase:firebase-auth:22.0.0] AndroidManifest.xml:34:13-72
199            <intent-filter>
199-->[com.google.firebase:firebase-auth:22.0.0] AndroidManifest.xml:35:13-45:29
200                <action android:name="android.intent.action.VIEW" />
200-->[com.google.firebase:firebase-auth:22.0.0] AndroidManifest.xml:36:17-69
200-->[com.google.firebase:firebase-auth:22.0.0] AndroidManifest.xml:36:25-66
201
202                <category android:name="android.intent.category.DEFAULT" />
202-->[com.google.firebase:firebase-auth:22.0.0] AndroidManifest.xml:38:17-76
202-->[com.google.firebase:firebase-auth:22.0.0] AndroidManifest.xml:38:27-73
203                <category android:name="android.intent.category.BROWSABLE" />
203-->[com.google.firebase:firebase-auth:22.0.0] AndroidManifest.xml:39:17-78
203-->[com.google.firebase:firebase-auth:22.0.0] AndroidManifest.xml:39:27-75
204
205                <data
205-->[com.google.firebase:firebase-auth:22.0.0] AndroidManifest.xml:41:17-44:51
206                    android:host="firebase.auth"
206-->[com.google.firebase:firebase-auth:22.0.0] AndroidManifest.xml:42:21-49
207                    android:path="/"
207-->[com.google.firebase:firebase-auth:22.0.0] AndroidManifest.xml:43:21-37
208                    android:scheme="genericidp" />
208-->[com.google.firebase:firebase-auth:22.0.0] AndroidManifest.xml:44:21-48
209            </intent-filter>
210        </activity>
211        <activity
211-->[com.google.firebase:firebase-auth:22.0.0] AndroidManifest.xml:47:9-64:20
212            android:name="com.google.firebase.auth.internal.RecaptchaActivity"
212-->[com.google.firebase:firebase-auth:22.0.0] AndroidManifest.xml:48:13-79
213            android:excludeFromRecents="true"
213-->[com.google.firebase:firebase-auth:22.0.0] AndroidManifest.xml:49:13-46
214            android:exported="true"
214-->[com.google.firebase:firebase-auth:22.0.0] AndroidManifest.xml:50:13-36
215            android:launchMode="singleTask"
215-->[com.google.firebase:firebase-auth:22.0.0] AndroidManifest.xml:51:13-44
216            android:theme="@android:style/Theme.Translucent.NoTitleBar" >
216-->[com.google.firebase:firebase-auth:22.0.0] AndroidManifest.xml:52:13-72
217            <intent-filter>
217-->[com.google.firebase:firebase-auth:22.0.0] AndroidManifest.xml:53:13-63:29
218                <action android:name="android.intent.action.VIEW" />
218-->[com.google.firebase:firebase-auth:22.0.0] AndroidManifest.xml:36:17-69
218-->[com.google.firebase:firebase-auth:22.0.0] AndroidManifest.xml:36:25-66
219
220                <category android:name="android.intent.category.DEFAULT" />
220-->[com.google.firebase:firebase-auth:22.0.0] AndroidManifest.xml:38:17-76
220-->[com.google.firebase:firebase-auth:22.0.0] AndroidManifest.xml:38:27-73
221                <category android:name="android.intent.category.BROWSABLE" />
221-->[com.google.firebase:firebase-auth:22.0.0] AndroidManifest.xml:39:17-78
221-->[com.google.firebase:firebase-auth:22.0.0] AndroidManifest.xml:39:27-75
222
223                <data
223-->[com.google.firebase:firebase-auth:22.0.0] AndroidManifest.xml:41:17-44:51
224                    android:host="firebase.auth"
224-->[com.google.firebase:firebase-auth:22.0.0] AndroidManifest.xml:42:21-49
225                    android:path="/"
225-->[com.google.firebase:firebase-auth:22.0.0] AndroidManifest.xml:43:21-37
226                    android:scheme="recaptcha" />
226-->[com.google.firebase:firebase-auth:22.0.0] AndroidManifest.xml:44:21-48
227            </intent-filter>
228        </activity>
229
230        <provider
230-->[com.google.firebase:firebase-common:20.3.3] AndroidManifest.xml:25:9-30:39
231            android:name="com.google.firebase.provider.FirebaseInitProvider"
231-->[com.google.firebase:firebase-common:20.3.3] AndroidManifest.xml:26:13-77
232            android:authorities="dev.android.appbuses.firebaseinitprovider"
232-->[com.google.firebase:firebase-common:20.3.3] AndroidManifest.xml:27:13-72
233            android:directBootAware="true"
233-->[com.google.firebase:firebase-common:20.3.3] AndroidManifest.xml:28:13-43
234            android:exported="false"
234-->[com.google.firebase:firebase-common:20.3.3] AndroidManifest.xml:29:13-37
235            android:initOrder="100" />
235-->[com.google.firebase:firebase-common:20.3.3] AndroidManifest.xml:30:13-36
236
237        <activity
237-->[com.google.android.gms:play-services-base:18.0.1] AndroidManifest.xml:20:9-22:45
238            android:name="com.google.android.gms.common.api.GoogleApiActivity"
238-->[com.google.android.gms:play-services-base:18.0.1] AndroidManifest.xml:20:19-85
239            android:exported="false"
239-->[com.google.android.gms:play-services-base:18.0.1] AndroidManifest.xml:22:19-43
240            android:theme="@android:style/Theme.Translucent.NoTitleBar" />
240-->[com.google.android.gms:play-services-base:18.0.1] AndroidManifest.xml:21:19-78
241
242        <receiver
242-->[com.google.android.gms:play-services-measurement:21.3.0] AndroidManifest.xml:29:9-33:20
243            android:name="com.google.android.gms.measurement.AppMeasurementReceiver"
243-->[com.google.android.gms:play-services-measurement:21.3.0] AndroidManifest.xml:30:13-85
244            android:enabled="true"
244-->[com.google.android.gms:play-services-measurement:21.3.0] AndroidManifest.xml:31:13-35
245            android:exported="false" >
245-->[com.google.android.gms:play-services-measurement:21.3.0] AndroidManifest.xml:32:13-37
246        </receiver>
247
248        <service
248-->[com.google.android.gms:play-services-measurement:21.3.0] AndroidManifest.xml:35:9-38:40
249            android:name="com.google.android.gms.measurement.AppMeasurementService"
249-->[com.google.android.gms:play-services-measurement:21.3.0] AndroidManifest.xml:36:13-84
250            android:enabled="true"
250-->[com.google.android.gms:play-services-measurement:21.3.0] AndroidManifest.xml:37:13-35
251            android:exported="false" />
251-->[com.google.android.gms:play-services-measurement:21.3.0] AndroidManifest.xml:38:13-37
252        <service
252-->[com.google.android.gms:play-services-measurement:21.3.0] AndroidManifest.xml:39:9-43:72
253            android:name="com.google.android.gms.measurement.AppMeasurementJobService"
253-->[com.google.android.gms:play-services-measurement:21.3.0] AndroidManifest.xml:40:13-87
254            android:enabled="true"
254-->[com.google.android.gms:play-services-measurement:21.3.0] AndroidManifest.xml:41:13-35
255            android:exported="false"
255-->[com.google.android.gms:play-services-measurement:21.3.0] AndroidManifest.xml:42:13-37
256            android:permission="android.permission.BIND_JOB_SERVICE" />
256-->[com.google.android.gms:play-services-measurement:21.3.0] AndroidManifest.xml:43:13-69
257
258        <meta-data
258-->[com.google.android.gms:play-services-basement:18.1.0] AndroidManifest.xml:21:9-23:69
259            android:name="com.google.android.gms.version"
259-->[com.google.android.gms:play-services-basement:18.1.0] AndroidManifest.xml:22:13-58
260            android:value="@integer/google_play_services_version" />
260-->[com.google.android.gms:play-services-basement:18.1.0] AndroidManifest.xml:23:13-66
261
262        <uses-library
262-->[androidx.window:window:1.0.0] AndroidManifest.xml:25:9-27:40
263            android:name="androidx.window.extensions"
263-->[androidx.window:window:1.0.0] AndroidManifest.xml:26:13-54
264            android:required="false" />
264-->[androidx.window:window:1.0.0] AndroidManifest.xml:27:13-37
265        <uses-library
265-->[androidx.window:window:1.0.0] AndroidManifest.xml:28:9-30:40
266            android:name="androidx.window.sidecar"
266-->[androidx.window:window:1.0.0] AndroidManifest.xml:29:13-51
267            android:required="false" />
267-->[androidx.window:window:1.0.0] AndroidManifest.xml:30:13-37
268
269        <provider
269-->[com.squareup.picasso:picasso:2.8] AndroidManifest.xml:8:9-11:40
270            android:name="com.squareup.picasso.PicassoProvider"
270-->[com.squareup.picasso:picasso:2.8] AndroidManifest.xml:9:13-64
271            android:authorities="dev.android.appbuses.com.squareup.picasso"
271-->[com.squareup.picasso:picasso:2.8] AndroidManifest.xml:10:13-72
272            android:exported="false" />
272-->[com.squareup.picasso:picasso:2.8] AndroidManifest.xml:11:13-37
273        <provider
273-->[androidx.emoji2:emoji2:1.2.0] AndroidManifest.xml:24:9-32:20
274            android:name="androidx.startup.InitializationProvider"
274-->[androidx.emoji2:emoji2:1.2.0] AndroidManifest.xml:25:13-67
275            android:authorities="dev.android.appbuses.androidx-startup"
275-->[androidx.emoji2:emoji2:1.2.0] AndroidManifest.xml:26:13-68
276            android:exported="false" >
276-->[androidx.emoji2:emoji2:1.2.0] AndroidManifest.xml:27:13-37
277            <meta-data
277-->[androidx.emoji2:emoji2:1.2.0] AndroidManifest.xml:29:13-31:52
278                android:name="androidx.emoji2.text.EmojiCompatInitializer"
278-->[androidx.emoji2:emoji2:1.2.0] AndroidManifest.xml:30:17-75
279                android:value="androidx.startup" />
279-->[androidx.emoji2:emoji2:1.2.0] AndroidManifest.xml:31:17-49
280            <meta-data
280-->[androidx.lifecycle:lifecycle-process:2.4.1] AndroidManifest.xml:31:13-33:52
281                android:name="androidx.lifecycle.ProcessLifecycleInitializer"
281-->[androidx.lifecycle:lifecycle-process:2.4.1] AndroidManifest.xml:32:17-78
282                android:value="androidx.startup" />
282-->[androidx.lifecycle:lifecycle-process:2.4.1] AndroidManifest.xml:33:17-49
283        </provider>
284    </application>
285
286</manifest>